<?xml version="1.0" encoding="UTF-8"?>
<!-- Generated by org.testng.reporters.JUnitReportReporter -->
<testsuite skipped="0" hostname="LAPTOP-FMAUUC68" name="E2ETestProject.MavenTestng.SanityTest" tests="1" failures="0" timestamp="11 Jun 2020 17:23:17 GMT" time="19.288" errors="0">
  <testcase name="openUrl" time="19.288" classname="E2ETestProject.MavenTestng.SanityTest"/>
</testsuite> <!-- E2ETestProject.MavenTestng.SanityTest -->
